<?xml version="1.0" encoding="UTF-8"?>
<!-- Generated by org.testng.reporters.JUnitReportReporter -->
<testsuite hostname="Anthony-Ned" failures="0" tests="3" name="ui.NewTest" time="0.012" errors="0" timestamp="2023-11-13T17:38:39 GMT-05:00" skipped="0">
  <testcase classname="ui.NewTest" name="f" time="0.003"/>
  <system-out/>
  <testcase classname="ui.NewTest" name="f" time="0.006"/>
  <system-out/>
  <testcase classname="ui.NewTest" name="f" time="0.003"/>
  <system-out/>
</testsuite> <!-- ui.NewTest -->
